0 info it worked if it ends with ok
1 verbose cli [ '/usr/local/Cellar/node/4.1.1/bin/node',
1 verbose cli   '/usr/local/bin/npm',
1 verbose cli   'install',
1 verbose cli   '--save-dev',
1 verbose cli   'babel-node' ]
2 info using npm@2.14.4
3 info using node@v4.1.1
4 verbose install initial load of /Users/valerie/Dropbox/Dev/production/chicken_whisperer/package.json
5 verbose installManyTop reading scoped package data from /Users/valerie/Dropbox/Dev/production/chicken_whisperer/node_modules/jasmine/package.json
6 verbose installManyTop reading scoped package data from /Users/valerie/Dropbox/Dev/production/chicken_whisperer/node_modules/lodash/package.json
7 verbose readDependencies loading dependencies from /Users/valerie/Dropbox/Dev/production/chicken_whisperer/package.json
8 silly cache add args [ 'babel-node', null ]
9 verbose cache add spec babel-node
10 silly cache add parsed spec Result {
10 silly cache add   raw: 'babel-node',
10 silly cache add   scope: null,
10 silly cache add   name: 'babel-node',
10 silly cache add   rawSpec: '',
10 silly cache add   spec: '*',
10 silly cache add   type: 'range' }
11 silly addNamed babel-node@*
12 verbose addNamed "*" is a valid semver range for babel-node
13 silly addNameRange { name: 'babel-node', range: '*', hasData: false }
14 silly mapToRegistry name babel-node
15 silly mapToRegistry using default registry
16 silly mapToRegistry registry https://registry.npmjs.org/
17 silly mapToRegistry uri https://registry.npmjs.org/babel-node
18 verbose addNameRange registry:https://registry.npmjs.org/babel-node not in flight; fetching
19 verbose request uri https://registry.npmjs.org/babel-node
20 verbose request no auth needed
21 info attempt registry request try #1 at 7:32:44 PM
22 verbose request id c099d18454bf56a6
23 http request GET https://registry.npmjs.org/babel-node
24 http 404 https://registry.npmjs.org/babel-node
25 verbose headers { 'content-type': 'application/json',
25 verbose headers   'cache-control': 'max-age=0',
25 verbose headers   'content-length': '2',
25 verbose headers   'accept-ranges': 'bytes',
25 verbose headers   date: 'Tue, 12 Apr 2016 18:32:44 GMT',
25 verbose headers   via: '1.1 varnish',
25 verbose headers   age: '0',
25 verbose headers   connection: 'keep-alive',
25 verbose headers   'x-served-by': 'cache-lhr6325-LHR',
25 verbose headers   'x-cache': 'MISS',
25 verbose headers   'x-cache-hits': '0',
25 verbose headers   'x-timer': 'S1460485964.415431,VS0,VE89',
25 verbose headers   vary: 'Accept-Encoding' }
26 silly get cb [ 404,
26 silly get   { 'content-type': 'application/json',
26 silly get     'cache-control': 'max-age=0',
26 silly get     'content-length': '2',
26 silly get     'accept-ranges': 'bytes',
26 silly get     date: 'Tue, 12 Apr 2016 18:32:44 GMT',
26 silly get     via: '1.1 varnish',
26 silly get     age: '0',
26 silly get     connection: 'keep-alive',
26 silly get     'x-served-by': 'cache-lhr6325-LHR',
26 silly get     'x-cache': 'MISS',
26 silly get     'x-cache-hits': '0',
26 silly get     'x-timer': 'S1460485964.415431,VS0,VE89',
26 silly get     vary: 'Accept-Encoding' } ]
27 verbose stack Error: Registry returned 404 for GET on https://registry.npmjs.org/babel-node
27 verbose stack     at makeError (/usr/local/lib/node_modules/npm/node_modules/npm-registry-client/lib/request.js:263:12)
27 verbose stack     at CachingRegistryClient.<anonymous> (/usr/local/lib/node_modules/npm/node_modules/npm-registry-client/lib/request.js:241:14)
27 verbose stack     at Request._callback (/usr/local/lib/node_modules/npm/node_modules/npm-registry-client/lib/request.js:171:14)
27 verbose stack     at Request.self.callback (/usr/local/lib/node_modules/npm/node_modules/request/request.js:198:22)
27 verbose stack     at emitTwo (events.js:87:13)
27 verbose stack     at Request.emit (events.js:172:7)
27 verbose stack     at Request.<anonymous> (/usr/local/lib/node_modules/npm/node_modules/request/request.js:1073:14)
27 verbose stack     at emitOne (events.js:82:20)
27 verbose stack     at Request.emit (events.js:169:7)
27 verbose stack     at IncomingMessage.<anonymous> (/usr/local/lib/node_modules/npm/node_modules/request/request.js:1019:12)
28 verbose statusCode 404
29 verbose pkgid babel-node
30 verbose cwd /Users/valerie/Dropbox/Dev/production/chicken_whisperer/code
31 error Darwin 14.5.0
32 error argv "/usr/local/Cellar/node/4.1.1/bin/node" "/usr/local/bin/npm" "install" "--save-dev" "babel-node"
33 error node v4.1.1
34 error npm  v2.14.4
35 error code E404
36 error 404 Registry returned 404 for GET on https://registry.npmjs.org/babel-node
36 error 404
36 error 404 'babel-node' is not in the npm registry.
36 error 404 You should bug the author to publish it (or use the name yourself!)
36 error 404
36 error 404 Note that you can also install from a
36 error 404 tarball, folder, http url, or git url.
37 verbose exit [ 1, true ]
